{"name": "Тест оформления заказа", "status": "broken", "statusDetails": {"message": "selenium.common.exceptions.NoSuchDriverException: Message: Unable to obtain driver for firefox; For documentation on this error, please visit: https://www.selenium.dev/documentation/webdriver/troubleshooting/errors/driver_location", "trace": "self = <selenium.webdriver.common.driver_finder.DriverFinder object at 0x000002BEDCF34550>\n\n    def _binary_paths(self) -> dict:\n        if self._paths[\"driver_path\"]:\n            return self._paths\n    \n        browser = self._options.capabilities[\"browserName\"]\n        try:\n            path = self._service.path\n            if path:\n                logger.debug(\n                    \"Skipping Selenium Manager; path to %s driver specified in Service class: %s\", browser, path\n                )\n                if not Path(path).is_file():\n                    raise ValueError(f\"The path is not a valid file: {path}\")\n                self._paths[\"driver_path\"] = path\n            else:\n>               output = SeleniumManager().binary_paths(self._to_args())\n                         ^^^^^^^^^^^^^^^^^^^^^^^^^^^^^^^^^^^^^^^^^^^^^^^\n\n..\\..\\..\\..\\scoop\\apps\\python\\current\\Lib\\site-packages\\selenium\\webdriver\\common\\driver_finder.py:67: \n_ _ _ _ _ _ _ _ _ _ _ _ _ _ _ _ _ _ _ _ _ _ _ _ _ _ _ _ _ _ _ _ _ _ _ _ _ _ _ _ _ _ _ _ _ _ _ _ _ _ _ _ _ _ _ _ _ _ _ _ _ _ _ _ _ _ _ _ _ _ _ _ _ _ _ _ _ _ _ _ _ _ _ _ _ _ _ _ _ _ _ _ _ _ _ _ _ _ _ _ _ _ _ _ _ _ _ _ _ _ _ _ _ _ _ _ _ _ _\n..\\..\\..\\..\\scoop\\apps\\python\\current\\Lib\\site-packages\\selenium\\webdriver\\common\\selenium_manager.py:55: in binary_paths\n    return self._run(args)\n           ^^^^^^^^^^^^^^^\n_ _ _ _ _ _ _ _ _ _ _ _ _ _ _ _ _ _ _ _ _ _ _ _ _ _ _ _ _ _ _ _ _ _ _ _ _ _ _ _ _ _ _ _ _ _ _ _ _ _ _ _ _ _ _ _ _ _ _ _ _ _ _ _ _ _ _ _ _ _ _ _ _ _ _ _ _ _ _ _ _ _ _ _ _ _ _ _ _ _ _ _ _ _ _ _ _ _ _ _ _ _ _ _ _ _ _ _ _ _ _ _ _ _ _ _ _ _ _\n\nargs = ['C:\\\\Users\\\\Алексей\\\\scoop\\\\apps\\\\python\\\\current\\\\Lib\\\\site-packages\\\\selenium\\\\webdriver\\\\common\\\\windows\\\\selenium-manager.exe', '--browser', 'firefox', '--language-binding', 'python', '--output', ...]\n\n    @staticmethod\n    def _run(args: list[str]) -> dict:\n        \"\"\"Executes the Selenium Manager Binary.\n    \n        Args:\n            args: the components of the command being executed.\n    \n        Returns:\n            The log string containing the driver location.\n        \"\"\"\n        command = \" \".join(args)\n        logger.debug(\"Executing process: %s\", command)\n        try:\n            if sys.platform == \"win32\":\n                completed_proc = subprocess.run(args, capture_output=True, creationflags=subprocess.CREATE_NO_WINDOW)\n            else:\n                completed_proc = subprocess.run(args, capture_output=True)\n            stdout = completed_proc.stdout.decode(\"utf-8\").rstrip(\"\\n\")\n            stderr = completed_proc.stderr.decode(\"utf-8\").rstrip(\"\\n\")\n            output = json.loads(stdout) if stdout != \"\" else {\"logs\": [], \"result\": {}}\n        except Exception as err:\n            raise WebDriverException(f\"Unsuccessful command executed: {command}\") from err\n    \n        SeleniumManager._process_logs(output[\"logs\"])\n        result = output[\"result\"]\n        if completed_proc.returncode:\n>           raise WebDriverException(\n                f\"Unsuccessful command executed: {command}; code: {completed_proc.returncode}\\n{result}\\n{stderr}\"\n            )\nE           selenium.common.exceptions.WebDriverException: Message: Unsuccessful command executed: C:\\Users\\Алексей\\scoop\\apps\\python\\current\\Lib\\site-packages\\selenium\\webdriver\\common\\windows\\selenium-manager.exe --browser firefox --language-binding python --output json; code: 65\nE           {'code': 65, 'message': 'error decoding response body', 'driver_path': '', 'browser_path': ''}\n\n..\\..\\..\\..\\scoop\\apps\\python\\current\\Lib\\site-packages\\selenium\\webdriver\\common\\selenium_manager.py:142: WebDriverException\n\nThe above exception was the direct cause of the following exception:\n\nself = <tests.test_store.TestStore object at 0x000002BEDCF34050>\n\n    @pytest.fixture(scope=\"function\")\n    def driver(self):\n        \"\"\"Фикстура для инициализации WebDriver.\"\"\"\n>       driver = webdriver.Firefox()\n                 ^^^^^^^^^^^^^^^^^^^\n\ntests\\test_store.py:18: \n_ _ _ _ _ _ _ _ _ _ _ _ _ _ _ _ _ _ _ _ _ _ _ _ _ _ _ _ _ _ _ _ _ _ _ _ _ _ _ _ _ _ _ _ _ _ _ _ _ _ _ _ _ _ _ _ _ _ _ _ _ _ _ _ _ _ _ _ _ _ _ _ _ _ _ _ _ _ _ _ _ _ _ _ _ _ _ _ _ _ _ _ _ _ _ _ _ _ _ _ _ _ _ _ _ _ _ _ _ _ _ _ _ _ _ _ _ _ _\n..\\..\\..\\..\\scoop\\apps\\python\\current\\Lib\\site-packages\\selenium\\webdriver\\firefox\\webdriver.py:55: in __init__\n    if finder.get_browser_path():\n       ^^^^^^^^^^^^^^^^^^^^^^^^^\n..\\..\\..\\..\\scoop\\apps\\python\\current\\Lib\\site-packages\\selenium\\webdriver\\common\\driver_finder.py:47: in get_browser_path\n    return self._binary_paths()[\"browser_path\"]\n           ^^^^^^^^^^^^^^^^^^^^\n_ _ _ _ _ _ _ _ _ _ _ _ _ _ _ _ _ _ _ _ _ _ _ _ _ _ _ _ _ _ _ _ _ _ _ _ _ _ _ _ _ _ _ _ _ _ _ _ _ _ _ _ _ _ _ _ _ _ _ _ _ _ _ _ _ _ _ _ _ _ _ _ _ _ _ _ _ _ _ _ _ _ _ _ _ _ _ _ _ _ _ _ _ _ _ _ _ _ _ _ _ _ _ _ _ _ _ _ _ _ _ _ _ _ _ _ _ _ _\n\nself = <selenium.webdriver.common.driver_finder.DriverFinder object at 0x000002BEDCF34550>\n\n    def _binary_paths(self) -> dict:\n        if self._paths[\"driver_path\"]:\n            return self._paths\n    \n        browser = self._options.capabilities[\"browserName\"]\n        try:\n            path = self._service.path\n            if path:\n                logger.debug(\n                    \"Skipping Selenium Manager; path to %s driver specified in Service class: %s\", browser, path\n                )\n                if not Path(path).is_file():\n                    raise ValueError(f\"The path is not a valid file: {path}\")\n                self._paths[\"driver_path\"] = path\n            else:\n                output = SeleniumManager().binary_paths(self._to_args())\n                if Path(output[\"driver_path\"]).is_file():\n                    self._paths[\"driver_path\"] = output[\"driver_path\"]\n                else:\n                    raise ValueError(f\"The driver path is not a valid file: {output['driver_path']}\")\n                if Path(output[\"browser_path\"]).is_file():\n                    self._paths[\"browser_path\"] = output[\"browser_path\"]\n                else:\n                    raise ValueError(f\"The browser path is not a valid file: {output['browser_path']}\")\n        except Exception as err:\n            msg = f\"Unable to obtain driver for {browser}\"\n>           raise NoSuchDriverException(msg) from err\nE           selenium.common.exceptions.NoSuchDriverException: Message: Unable to obtain driver for firefox; For documentation on this error, please visit: https://www.selenium.dev/documentation/webdriver/troubleshooting/errors/driver_location\n\n..\\..\\..\\..\\scoop\\apps\\python\\current\\Lib\\site-packages\\selenium\\webdriver\\common\\driver_finder.py:78: NoSuchDriverException"}, "description": "Проверка полного цикла оформления заказа в интернет-магазине", "attachments": [{"name": "log", "source": "335fea21-d898-4043-9df4-7467e0dd4dc6-attachment.txt", "type": "text/plain"}], "start": 1770556414378, "stop": 1770556414378, "uuid": "893608e0-48e3-421a-8080-73b809814ee1", "historyId": "5854f26b259ec2e74c7ba470bc91bb08", "testCaseId": "5854f26b259ec2e74c7ba470bc91bb08", "fullName": "tests.test_store.TestStore#test_store_checkout", "labels": [{"name": "severity", "value": "blocker"}, {"name": "feature", "value": "Интернет-магазин"}, {"name": "parentSuite", "value": "tests"}, {"name": "suite", "value": "test_store"}, {"name": "subSuite", "value": "TestStore"}, {"name": "host", "value": "DESKTOP-VR6QT9K"}, {"name": "thread", "value": "62140-MainThread"}, {"name": "framework", "value": "pytest"}, {"name": "language", "value": "cpython3"}, {"name": "package", "value": "tests.test_store"}], "titlePath": ["tests", "test_store.py", "TestStore"]}